C:\Program Files\Microsoft Visual Studio\2022\Community\MSBuild\Microsoft\VC\v170\Microsoft.CppBuild.targets(531,5): warning MSB8028: The intermediate directory (x64\Debug\) contains files shared from another project (MyGameEngine.vcxproj).  This can lead to incorrect clean and rebuild behavior.
  Downloading https://github.com/microsoft/vcpkg-tool/releases/download/2023-09-15/vcpkg.exe -> C:\Users\luisgr3\Documents\GitHub\MantelGameMaker\vcpkg\vcpkg.exe... done.
  Validating signature... done.
  
  vcpkg package management program version 2023-09-15-ac02a9f660977426b8ec6392919fbb1d51b10998
  
  See LICENSE.txt for license information.
  Telemetry
  ---------
  vcpkg collects usage data in order to help us improve your experience.
  The data collected by Microsoft is anonymous.
  You can opt-out of telemetry by re-running the bootstrap-vcpkg script with -disableMetrics,
  passing --disable-metrics to vcpkg on the command line,
  or by setting the VCPKG_DISABLE_METRICS environment variable.
  
  Read more about vcpkg telemetry at docs/about/privacy.md
  Computing installation plan...
  A suitable version of cmake was not found (required v3.27.1) Downloading portable cmake 3.27.1...
  Downloading cmake...
  https://github.com/Kitware/CMake/releases/download/v3.27.1/cmake-3.27.1-windows-i386.zip->C:\Users\luisgr3\Documents\GitHub\MantelGameMaker\vcpkg\downloads\cmake-3.27.1-windows-i386.zip
  Downloading https://github.com/Kitware/CMake/releases/download/v3.27.1/cmake-3.27.1-windows-i386.zip
  Extracting cmake...
  The following packages will be built and installed:
      assimp:x64-windows -> 5.3.1
      devil[core,jasper,lcms,libjpeg,libpng,openexr,tiff]:x64-windows -> 1.8.0#11
    * draco:x64-windows -> 1.5.6
    * egl-registry:x64-windows -> 2022-09-20
    * freeglut:x64-windows -> 3.4.0
      glew:x64-windows -> 2.2.0#3
      glm:x64-windows -> 2023-06-08
    * imath:x64-windows -> 3.1.9#1
    * jasper[core,default-features,opengl]:x64-windows -> 4.0.0#2
    * kubazip:x64-windows -> 0.2.4
    * lcms:x64-windows -> 2.14
    * libjpeg-turbo:x64-windows -> 3.0.0#2
    * liblzma:x64-windows -> 5.4.3#1
    * libpng:x64-windows -> 1.6.39#1
    * minizip:x64-windows -> 1.3#1
    * openexr:x64-windows -> 3.1.8
      opengl:x64-windows -> 2022-12-04#3
    * opengl-registry:x64-windows -> 2022-09-29#1
    * poly2tri:x64-windows -> 2020-07-21#3
    * polyclipping:x64-windows -> 6.4.2#12
    * pugixml:x64-windows -> 1.13.0
    * rapidjson:x64-windows -> 2023-04-27
    * stb:x64-windows -> 2023-04-11#1
    * tiff[core,jpeg,lzma,zip]:x64-windows -> 4.5.1#2
    * utfcpp:x64-windows -> 3.2.5
    * vcpkg-cmake:x64-windows -> 2023-05-04
    * vcpkg-cmake-config:x64-windows -> 2022-02-06#1
    * vcpkg-cmake-get-vars:x64-windows -> 2023-03-02
    * zlib:x64-windows -> 1.3
  Additional packages (*) will be modified to complete this operation.
  Detecting compiler hash for triplet x64-windows...
  A suitable version of powershell-core was not found (required v7.2.11) Downloading portable powershell-core 7.2.11...
  Downloading powershell-core...
  https://github.com/PowerShell/PowerShell/releases/download/v7.2.11/PowerShell-7.2.11-win-x86.zip->C:\Users\luisgr3\Documents\GitHub\MantelGameMaker\vcpkg\downloads\PowerShell-7.2.11-win-x86.zip
  Downloading https://github.com/PowerShell/PowerShell/releases/download/v7.2.11/PowerShell-7.2.11-win-x86.zip
  Extracting powershell-core...
  A suitable version of 7zip was not found (required v23.1.0) Downloading portable 7zip 23.1.0...
  Downloading 7zip...
  https://www.7-zip.org/a/7z2301-extra.7z->C:\Users\luisgr3\Documents\GitHub\MantelGameMaker\vcpkg\downloads\7z2301-extra.7z
  Downloading https://www.7-zip.org/a/7z2301-extra.7z
  Extracting 7zip...
  Restored 0 package(s) from C:\Users\luisgr3\AppData\Local\vcpkg\archives in 686 us. Use --debug to see more details.
  Installing 1/29 vcpkg-cmake:x64-windows...
  Building vcpkg-cmake:x64-windows...
  -- Installing: C:/Users/luisgr3/Documents/GitHub/MantelGameMaker/vcpkg/packages/vcpkg-cmake_x64-windows/share/vcpkg-cmake/vcpkg_cmake_configure.cmake
  -- Installing: C:/Users/luisgr3/Documents/GitHub/MantelGameMaker/vcpkg/packages/vcpkg-cmake_x64-windows/share/vcpkg-cmake/vcpkg_cmake_build.cmake
  -- Installing: C:/Users/luisgr3/Documents/GitHub/MantelGameMaker/vcpkg/packages/vcpkg-cmake_x64-windows/share/vcpkg-cmake/vcpkg_cmake_install.cmake
  -- Installing: C:/Users/luisgr3/Documents/GitHub/MantelGameMaker/vcpkg/packages/vcpkg-cmake_x64-windows/share/vcpkg-cmake/vcpkg-port-config.cmake
  -- Installing: C:/Users/luisgr3/Documents/GitHub/MantelGameMaker/vcpkg/packages/vcpkg-cmake_x64-windows/share/vcpkg-cmake/copyright
  -- Performing post-build validation
  Stored binaries in 1 destinations in 79.4 ms.
  Elapsed time to handle vcpkg-cmake:x64-windows: 194 ms
  Installing 2/29 vcpkg-cmake-config:x64-windows...
  Building vcpkg-cmake-config:x64-windows...
  -- Installing: C:/Users/luisgr3/Documents/GitHub/MantelGameMaker/vcpkg/packages/vcpkg-cmake-config_x64-windows/share/vcpkg-cmake-config/vcpkg_cmake_config_fixup.cmake
  -- Installing: C:/Users/luisgr3/Documents/GitHub/MantelGameMaker/vcpkg/packages/vcpkg-cmake-config_x64-windows/share/vcpkg-cmake-config/vcpkg-port-config.cmake
  -- Installing: C:/Users/luisgr3/Documents/GitHub/MantelGameMaker/vcpkg/packages/vcpkg-cmake-config_x64-windows/share/vcpkg-cmake-config/copyright
  -- Performing post-build validation
  Stored binaries in 1 destinations in 48.5 ms.
  Elapsed time to handle vcpkg-cmake-config:x64-windows: 134 ms
  Installing 3/29 draco:x64-windows...
  Building draco:x64-windows...
  -- Note: draco only supports static library linkage. Building static library.
  -- Downloading https://github.com/google/draco/archive/1.5.6.tar.gz -> google-draco-1.5.6.tar.gz...
  -- Extracting source C:/Users/luisgr3/Documents/GitHub/MantelGameMaker/vcpkg/downloads/google-draco-1.5.6.tar.gz
  -- Applying patch fix-compile-error-uwp.patch
  -- Applying patch fix-uwperror.patch
  -- Applying patch fix-pkgconfig.patch
  -- Applying patch disable-symlinks.patch
  -- Using source at C:/Users/luisgr3/Documents/GitHub/MantelGameMaker/vcpkg/buildtrees/draco/src/1.5.6-10e2ea789a.clean
  -- Found external ninja('1.11.0').
  -- Configuring x64-windows
  -- Building x64-windows-dbg
  -- Building x64-windows-rel
  -- Fixing pkgconfig file: C:/Users/luisgr3/Documents/GitHub/MantelGameMaker/vcpkg/packages/draco_x64-windows/lib/pkgconfig/draco.pc
  -- Downloading https://mirror.msys2.org/mingw/mingw32/mingw-w64-i686-pkgconf-1~1.8.0-2-any.pkg.tar.zst;https://repo.msys2.org/mingw/mingw32/mingw-w64-i686-pkgconf-1~1.8.0-2-any.pkg.tar.zst;https://mirror.yandex.ru/mirrors/msys2/mingw/mingw32/mingw-w64-i686-pkgconf-1~1.8.0-2-any.pkg.tar.zst;https://mirrors.tuna.tsinghua.edu.cn/msys2/mingw/mingw32/mingw-w64-i686-pkgconf-1~1.8.0-2-any.pkg.tar.zst;https://mirrors.ustc.edu.cn/msys2/mingw/mingw32/mingw-w64-i686-pkgconf-1~1.8.0-2-any.pkg.tar.zst;https://mirror.selfnet.de/msys2/mingw/mingw32/mingw-w64-i686-pkgconf-1~1.8.0-2-any.pkg.tar.zst -> mingw-w64-i686-pkgconf-1~1.8.0-2-any.pkg.tar.zst...
  -- Downloading https://mirror.msys2.org/msys/x86_64/msys2-runtime-3.4.6-1-x86_64.pkg.tar.zst;https://repo.msys2.org/msys/x86_64/msys2-runtime-3.4.6-1-x86_64.pkg.tar.zst;https://mirror.yandex.ru/mirrors/msys2/msys/x86_64/msys2-runtime-3.4.6-1-x86_64.pkg.tar.zst;https://mirrors.tuna.tsinghua.edu.cn/msys2/msys/x86_64/msys2-runtime-3.4.6-1-x86_64.pkg.tar.zst;https://mirrors.ustc.edu.cn/msys2/msys/x86_64/msys2-runtime-3.4.6-1-x86_64.pkg.tar.zst;https://mirror.selfnet.de/msys2/msys/x86_64/msys2-runtime-3.4.6-1-x86_64.pkg.tar.zst -> msys2-msys2-runtime-3.4.6-1-x86_64.pkg.tar.zst...
  -- Using msys root at C:/Users/luisgr3/Documents/GitHub/MantelGameMaker/vcpkg/downloads/tools/msys2/6f3fa1a12ef85a6f
  -- Fixing pkgconfig file: C:/Users/luisgr3/Documents/GitHub/MantelGameMaker/vcpkg/packages/draco_x64-windows/debug/lib/pkgconfig/draco.pc
  -- Installing: C:/Users/luisgr3/Documents/GitHub/MantelGameMaker/vcpkg/packages/draco_x64-windows/share/draco/copyright
  -- Performing post-build validation
  Stored binaries in 1 destinations in 16 s.
  Elapsed time to handle draco:x64-windows: 1.7 min
  Installing 4/29 kubazip:x64-windows...
  Building kubazip:x64-windows...
  -- Note: kubazip only supports static library linkage. Building static library.
  -- Downloading https://github.com/kuba--/zip/archive/42151612e8546c55485ec38cf0d57e57e51a8abd.tar.gz -> kuba---zip-42151612e8546c55485ec38cf0d57e57e51a8abd.tar.gz...
  -- Extracting source C:/Users/luisgr3/Documents/GitHub/MantelGameMaker/vcpkg/downloads/kuba---zip-42151612e8546c55485ec38cf0d57e57e51a8abd.tar.gz
  -- Applying patch fix_targets.patch
  -- Using source at C:/Users/luisgr3/Documents/GitHub/MantelGameMaker/vcpkg/buildtrees/kubazip/src/57e51a8abd-8de17bee9f.clean
  -- Found external ninja('1.11.0').
  -- Configuring x64-windows
  -- Building x64-windows-dbg
  -- Building x64-windows-rel
  -- Installing: C:/Users/luisgr3/Documents/GitHub/MantelGameMaker/vcpkg/packages/kubazip_x64-windows/share/kubazip/copyright
  -- Performing post-build validation
  Stored binaries in 1 destinations in 144 ms.
  Elapsed time to handle kubazip:x64-windows: 5.1 s
  Installing 5/29 vcpkg-cmake-get-vars:x64-windows...
  Building vcpkg-cmake-get-vars:x64-windows...
  -- Installing: C:/Users/luisgr3/Documents/GitHub/MantelGameMaker/vcpkg/packages/vcpkg-cmake-get-vars_x64-windows/share/vcpkg-cmake-get-vars/vcpkg_cmake_get_vars.cmake
  -- Installing: C:/Users/luisgr3/Documents/GitHub/MantelGameMaker/vcpkg/packages/vcpkg-cmake-get-vars_x64-windows/share/vcpkg-cmake-get-vars/cmake_get_vars
  -- Installing: C:/Users/luisgr3/Documents/GitHub/MantelGameMaker/vcpkg/packages/vcpkg-cmake-get-vars_x64-windows/share/vcpkg-cmake-get-vars/cmake_get_vars/CMakeLists.txt
  -- Installing: C:/Users/luisgr3/Documents/GitHub/MantelGameMaker/vcpkg/packages/vcpkg-cmake-get-vars_x64-windows/share/vcpkg-cmake-get-vars/vcpkg-port-config.cmake
  -- Installing: C:/Users/luisgr3/Documents/GitHub/MantelGameMaker/vcpkg/packages/vcpkg-cmake-get-vars_x64-windows/share/vcpkg-cmake-get-vars/copyright
  -- Performing post-build validation
  Stored binaries in 1 destinations in 49.1 ms.
  Elapsed time to handle vcpkg-cmake-get-vars:x64-windows: 140 ms
  Installing 6/29 zlib:x64-windows...
  Building zlib:x64-windows...
  -- Downloading https://github.com/madler/zlib/archive/v1.3.tar.gz -> madler-zlib-v1.3.tar.gz...
  -- Extracting source C:/Users/luisgr3/Documents/GitHub/MantelGameMaker/vcpkg/downloads/madler-zlib-v1.3.tar.gz
  -- Applying patch 0001-Prevent-invalid-inclusions-when-HAVE_-is-set-to-0.patch
  -- Applying patch 0002-skip-building-examples.patch
  -- Applying patch 0003-build-static-or-shared-not-both.patch
  -- Applying patch 0004-android-and-mingw-fixes.patch
  -- Using source at C:/Users/luisgr3/Documents/GitHub/MantelGameMaker/vcpkg/buildtrees/zlib/src/v1.3-8825ee792f.clean
  -- Found external ninja('1.11.0').
  -- Configuring x64-windows
  -- Building x64-windows-dbg
  -- Building x64-windows-rel
  -- Installing: C:/Users/luisgr3/Documents/GitHub/MantelGameMaker/vcpkg/packages/zlib_x64-windows/share/zlib/vcpkg-cmake-wrapper.cmake
  -- Fixing pkgconfig file: C:/Users/luisgr3/Documents/GitHub/MantelGameMaker/vcpkg/packages/zlib_x64-windows/lib/pkgconfig/zlib.pc
  -- Using cached mingw-w64-i686-pkgconf-1~1.8.0-2-any.pkg.tar.zst.
  -- Using cached msys2-msys2-runtime-3.4.6-1-x86_64.pkg.tar.zst.
  -- Using msys root at C:/Users/luisgr3/Documents/GitHub/MantelGameMaker/vcpkg/downloads/tools/msys2/6f3fa1a12ef85a6f
  -- Fixing pkgconfig file: C:/Users/luisgr3/Documents/GitHub/MantelGameMaker/vcpkg/packages/zlib_x64-windows/debug/lib/pkgconfig/zlib.pc
  -- Installing: C:/Users/luisgr3/Documents/GitHub/MantelGameMaker/vcpkg/packages/zlib_x64-windows/share/zlib/copyright
  -- Performing post-build validation
  Stored binaries in 1 destinations in 140 ms.
  Elapsed time to handle zlib:x64-windows: 7.5 s
  Installing 7/29 minizip:x64-windows...
  Building minizip:x64-windows...
  -- Using cached madler-zlib-v1.3.tar.gz.
  -- Extracting source C:/Users/luisgr3/Documents/GitHub/MantelGameMaker/vcpkg/downloads/madler-zlib-v1.3.tar.gz
  -- Applying patch 0001-remove-ifndef-NOUNCRYPT.patch
  -- Applying patch 0002-add-declaration-for-mkdir.patch
  -- Applying patch pkgconfig.patch
  -- Applying patch android-fileapi.patch
  -- Using source at C:/Users/luisgr3/Documents/GitHub/MantelGameMaker/vcpkg/buildtrees/minizip/src/v1.3-5a2fb95c10.clean
  -- Found external ninja('1.11.0').
  -- Configuring x64-windows
  -- Building x64-windows-dbg
  -- Building x64-windows-rel
  -- Fixing pkgconfig file: C:/Users/luisgr3/Documents/GitHub/MantelGameMaker/vcpkg/packages/minizip_x64-windows/lib/pkgconfig/minizip.pc
  -- Using cached mingw-w64-i686-pkgconf-1~1.8.0-2-any.pkg.tar.zst.
  -- Using cached msys2-msys2-runtime-3.4.6-1-x86_64.pkg.tar.zst.
  -- Using msys root at C:/Users/luisgr3/Documents/GitHub/MantelGameMaker/vcpkg/downloads/tools/msys2/6f3fa1a12ef85a6f
  -- Fixing pkgconfig file: C:/Users/luisgr3/Documents/GitHub/MantelGameMaker/vcpkg/packages/minizip_x64-windows/debug/lib/pkgconfig/minizip.pc
  -- Installing: C:/Users/luisgr3/Documents/GitHub/MantelGameMaker/vcpkg/packages/minizip_x64-windows/share/minizip/copyright
  -- Performing post-build validation
  Stored binaries in 1 destinations in 165 ms.
  Elapsed time to handle minizip:x64-windows: 4.3 s
  Installing 8/29 poly2tri:x64-windows...
  Building poly2tri:x64-windows...
  -- Note: poly2tri only supports static library linkage. Building static library.
  -- Downloading https://github.com/greenm01/poly2tri/archive/88de49021b6d9bef6faa1bc94ceb3fbd85c3c204.tar.gz -> greenm01-poly2tri-88de49021b6d9bef6faa1bc94ceb3fbd85c3c204.tar.gz...
  -- Extracting source C:/Users/luisgr3/Documents/GitHub/MantelGameMaker/vcpkg/downloads/greenm01-poly2tri-88de49021b6d9bef6faa1bc94ceb3fbd85c3c204.tar.gz
  -- Applying patch fix-sweep-h-codepage.patch
  -- Using source at C:/Users/luisgr3/Documents/GitHub/MantelGameMaker/vcpkg/buildtrees/poly2tri/src/bd85c3c204-6194be63e9.clean
  -- Found external ninja('1.11.0').
  -- Configuring x64-windows
  -- Building x64-windows-dbg
  -- Building x64-windows-rel
  -- Installing: C:/Users/luisgr3/Documents/GitHub/MantelGameMaker/vcpkg/packages/poly2tri_x64-windows/share/poly2tri/copyright
  -- Performing post-build validation
  Stored binaries in 1 destinations in 275 ms.
  Elapsed time to handle poly2tri:x64-windows: 6 s
  Installing 9/29 polyclipping:x64-windows...
  Building polyclipping:x64-windows...
  -- Note: polyclipping only supports static library linkage. Building static library.
  -- Downloading https://sourceforge.net/projects/polyclipping//files/clipper_ver6.4.2.zip/download;https://sourceforge.net/projects/polyclipping//files/clipper_ver6.4.2.zip/download?use_mirror=cfhcable;https://sourceforge.net/projects/polyclipping//files/clipper_ver6.4.2.zip/download?use_mirror=pilotfiber;https://sourceforge.net/projects/polyclipping//files/clipper_ver6.4.2.zip/download?use_mirror=gigenet;https://sourceforge.net/projects/polyclipping//files/clipper_ver6.4.2.zip/download?use_mirror=versaweb;https://sourceforge.net/projects/polyclipping//files/clipper_ver6.4.2.zip/download?use_mirror=ayera;https://sourceforge.net/projects/polyclipping//files/clipper_ver6.4.2.zip/download?use_mirror=netactuate;https://sourceforge.net/projects/polyclipping//files/clipper_ver6.4.2.zip/download?use_mirror=phoenixnap;https://sourceforge.net/projects/polyclipping//files/clipper_ver6.4.2.zip/download?use_mirror=astuteinternet;https://sourceforge.net/projects/polyclipping//files/clipper_ver6.4.2.zip/download?use_mirror=freefr;https://sourceforge.net/projects/polyclipping//files/clipper_ver6.4.2.zip/download?use_mirror=netcologne;https://sourceforge.net/projects/polyclipping//files/clipper_ver6.4.2.zip/download?use_mirror=deac-riga;https://sourceforge.net/projects/polyclipping//files/clipper_ver6.4.2.zip/download?use_mirror=excellmedia;https://sourceforge.net/projects/polyclipping//files/clipper_ver6.4.2.zip/download?use_mirror=iweb;https://sourceforge.net/projects/polyclipping//files/clipper_ver6.4.2.zip/download?use_mirror=jaist;https://sourceforge.net/projects/polyclipping//files/clipper_ver6.4.2.zip/download?use_mirror=jztkft;https://sourceforge.net/projects/polyclipping//files/clipper_ver6.4.2.zip/download?use_mirror=managedway;https://sourceforge.net/projects/polyclipping//files/clipper_ver6.4.2.zip/download?use_mirror=nchc;https://sourceforge.net/projects/polyclipping//files/clipper_ver6.4.2.zip/download?use_mirror=netix;https://sourceforge.net/projects/polyclipping//files/clipper_ver6.4.2.zip/download?use_mirror=ufpr;https://sourceforge.net/projects/polyclipping//files/clipper_ver6.4.2.zip/download?use_mirror=tenet -> clipper_ver6.4.2.zip...
  -- Extracting source C:/Users/luisgr3/Documents/GitHub/MantelGameMaker/vcpkg/downloads/clipper_ver6.4.2.zip
  -- Applying patch fix_targets.patch
  -- Using source at C:/Users/luisgr3/Documents/GitHub/MantelGameMaker/vcpkg/buildtrees/polyclipping/src/ffc88818c4-06b887c850.clean
  -- Found external ninja('1.11.0').
  -- Configuring x64-windows
  -- Building x64-windows-dbg
  -- Building x64-windows-rel
  -- Fixing pkgconfig file: C:/Users/luisgr3/Documents/GitHub/MantelGameMaker/vcpkg/packages/polyclipping_x64-windows/lib/pkgconfig/polyclipping.pc
  -- Using cached mingw-w64-i686-pkgconf-1~1.8.0-2-any.pkg.tar.zst.
  -- Using cached msys2-msys2-runtime-3.4.6-1-x86_64.pkg.tar.zst.
  -- Using msys root at C:/Users/luisgr3/Documents/GitHub/MantelGameMaker/vcpkg/downloads/tools/msys2/6f3fa1a12ef85a6f
  -- Fixing pkgconfig file: C:/Users/luisgr3/Documents/GitHub/MantelGameMaker/vcpkg/packages/polyclipping_x64-windows/debug/lib/pkgconfig/polyclipping.pc
  -- Installing: C:/Users/luisgr3/Documents/GitHub/MantelGameMaker/vcpkg/packages/polyclipping_x64-windows/share/clipper/FindCLIPPER.cmake
  -- Installing: C:/Users/luisgr3/Documents/GitHub/MantelGameMaker/vcpkg/packages/polyclipping_x64-windows/share/clipper/vcpkg-cmake-wrapper.cmake
  -- Installing: C:/Users/luisgr3/Documents/GitHub/MantelGameMaker/vcpkg/packages/polyclipping_x64-windows/share/polyclipping/copyright
  -- Fixing pkgconfig file: C:/Users/luisgr3/Documents/GitHub/MantelGameMaker/vcpkg/packages/polyclipping_x64-windows/lib/pkgconfig/polyclipping.pc
  -- Fixing pkgconfig file: C:/Users/luisgr3/Documents/GitHub/MantelGameMaker/vcpkg/packages/polyclipping_x64-windows/debug/lib/pkgconfig/polyclipping.pc
  -- Performing post-build validation
  Stored binaries in 1 destinations in 368 ms.
  Elapsed time to handle polyclipping:x64-windows: 8 s
  Installing 10/29 pugixml:x64-windows...
  Building pugixml:x64-windows...
  -- Downloading https://github.com/zeux/pugixml/archive/a0e064336317c9347a91224112af9933598714e9.tar.gz -> zeux-pugixml-a0e064336317c9347a91224112af9933598714e9.tar.gz...
  -- Extracting source C:/Users/luisgr3/Documents/GitHub/MantelGameMaker/vcpkg/downloads/zeux-pugixml-a0e064336317c9347a91224112af9933598714e9.tar.gz
  -- Using source at C:/Users/luisgr3/Documents/GitHub/MantelGameMaker/vcpkg/buildtrees/pugixml/src/33598714e9-ffff2f6c72.clean
  -- Found external ninja('1.11.0').
  -- Configuring x64-windows
  -- Building x64-windows-dbg
  -- Building x64-windows-rel
  -- Fixing pkgconfig file: C:/Users/luisgr3/Documents/GitHub/MantelGameMaker/vcpkg/packages/pugixml_x64-windows/lib/pkgconfig/pugixml.pc
  -- Using cached mingw-w64-i686-pkgconf-1~1.8.0-2-any.pkg.tar.zst.
  -- Using cached msys2-msys2-runtime-3.4.6-1-x86_64.pkg.tar.zst.
  -- Using msys root at C:/Users/luisgr3/Documents/GitHub/MantelGameMaker/vcpkg/downloads/tools/msys2/6f3fa1a12ef85a6f
  -- Fixing pkgconfig file: C:/Users/luisgr3/Documents/GitHub/MantelGameMaker/vcpkg/packages/pugixml_x64-windows/debug/lib/pkgconfig/pugixml.pc
  -- Installing: C:/Users/luisgr3/Documents/GitHub/MantelGameMaker/vcpkg/packages/pugixml_x64-windows/share/pugixml/copyright
  -- Performing post-build validation
  Stored binaries in 1 destinations in 324 ms.
  Elapsed time to handle pugixml:x64-windows: 7.5 s
  Installing 11/29 rapidjson:x64-windows...
  Building rapidjson:x64-windows...
  -- Downloading https://github.com/Tencent/rapidjson/archive/949c771b03de448bdedea80c44a4a5f65284bfeb.tar.gz -> Tencent-rapidjson-949c771b03de448bdedea80c44a4a5f65284bfeb-2.tar.gz...
  -- Extracting source C:/Users/luisgr3/Documents/GitHub/MantelGameMaker/vcpkg/downloads/Tencent-rapidjson-949c771b03de448bdedea80c44a4a5f65284bfeb-2.tar.gz
  -- Using source at C:/Users/luisgr3/Documents/GitHub/MantelGameMaker/vcpkg/buildtrees/rapidjson/src/f65284bfeb-9c9325ad06.clean
  -- Found external ninja('1.11.0').
  -- Configuring x64-windows
  -- Building x64-windows-dbg
  -- Building x64-windows-rel
  -- Using cached mingw-w64-i686-pkgconf-1~1.8.0-2-any.pkg.tar.zst.
  -- Using cached msys2-msys2-runtime-3.4.6-1-x86_64.pkg.tar.zst.
  -- Using msys root at C:/Users/luisgr3/Documents/GitHub/MantelGameMaker/vcpkg/downloads/tools/msys2/6f3fa1a12ef85a6f
  -- Installing: C:/Users/luisgr3/Documents/GitHub/MantelGameMaker/vcpkg/packages/rapidjson_x64-windows/share/rapidjson/copyright
  -- Performing post-build validation
  Stored binaries in 1 destinations in 76.9 ms.
  Elapsed time to handle rapidjson:x64-windows: 4.2 s
  Installing 12/29 stb:x64-windows...
  Building stb:x64-windows...
  -- Downloading https://github.com/nothings/stb/archive/5736b15f7ea0ffb08dd38af21067c314d6a3aae9.tar.gz -> nothings-stb-5736b15f7ea0ffb08dd38af21067c314d6a3aae9.tar.gz...
  -- Extracting source C:/Users/luisgr3/Documents/GitHub/MantelGameMaker/vcpkg/downloads/nothings-stb-5736b15f7ea0ffb08dd38af21067c314d6a3aae9.tar.gz
  -- Using source at C:/Users/luisgr3/Documents/GitHub/MantelGameMaker/vcpkg/buildtrees/stb/src/14d6a3aae9-dc9b68ccde.clean
  -- Installing: C:/Users/luisgr3/Documents/GitHub/MantelGameMaker/vcpkg/packages/stb_x64-windows/share/stb/FindStb.cmake
  -- Installing: C:/Users/luisgr3/Documents/GitHub/MantelGameMaker/vcpkg/packages/stb_x64-windows/share/stb/vcpkg-cmake-wrapper.cmake
  -- Installing: C:/Users/luisgr3/Documents/GitHub/MantelGameMaker/vcpkg/packages/stb_x64-windows/share/stb/usage
  -- Installing: C:/Users/luisgr3/Documents/GitHub/MantelGameMaker/vcpkg/packages/stb_x64-windows/share/stb/copyright
  -- Performing post-build validation
  Stored binaries in 1 destinations in 95.4 ms.
  Elapsed time to handle stb:x64-windows: 2.1 s
  Installing 13/29 utfcpp:x64-windows...
  Building utfcpp:x64-windows...
  -- Downloading https://github.com/nemtrif/utfcpp/archive/v3.2.5.tar.gz -> nemtrif-utfcpp-v3.2.5.tar.gz...
  -- Extracting source C:/Users/luisgr3/Documents/GitHub/MantelGameMaker/vcpkg/downloads/nemtrif-utfcpp-v3.2.5.tar.gz
  -- Using source at C:/Users/luisgr3/Documents/GitHub/MantelGameMaker/vcpkg/buildtrees/utfcpp/src/v3.2.5-b2e42c577a.clean
  -- Found external ninja('1.11.0').
  -- Configuring x64-windows
  -- Building x64-windows-rel
  -- Installing: C:/Users/luisgr3/Documents/GitHub/MantelGameMaker/vcpkg/packages/utfcpp_x64-windows/share/utfcpp/copyright
  -- Performing post-build validation
  Stored binaries in 1 destinations in 37.2 ms.
  Elapsed time to handle utfcpp:x64-windows: 2.5 s
  Installing 14/29 assimp:x64-windows...
  Building assimp:x64-windows...
  -- Downloading https://github.com/assimp/assimp/archive/v5.3.1.tar.gz -> assimp-assimp-v5.3.1.tar.gz...
  -- Extracting source C:/Users/luisgr3/Documents/GitHub/MantelGameMaker/vcpkg/downloads/assimp-assimp-v5.3.1.tar.gz
  -- Applying patch build_fixes.patch
  -- Using source at C:/Users/luisgr3/Documents/GitHub/MantelGameMaker/vcpkg/buildtrees/assimp/src/v5.3.1-d77d3d6aa0.clean
  -- Found external ninja('1.11.0').
  -- Configuring x64-windows
  -- Building x64-windows-dbg
  -- Building x64-windows-rel
  -- Fixing pkgconfig file: C:/Users/luisgr3/Documents/GitHub/MantelGameMaker/vcpkg/packages/assimp_x64-windows/lib/pkgconfig/assimp.pc
  -- Using cached mingw-w64-i686-pkgconf-1~1.8.0-2-any.pkg.tar.zst.
  -- Using cached msys2-msys2-runtime-3.4.6-1-x86_64.pkg.tar.zst.
  -- Using msys root at C:/Users/luisgr3/Documents/GitHub/MantelGameMaker/vcpkg/downloads/tools/msys2/6f3fa1a12ef85a6f
  -- Fixing pkgconfig file: C:/Users/luisgr3/Documents/GitHub/MantelGameMaker/vcpkg/packages/assimp_x64-windows/debug/lib/pkgconfig/assimp.pc
  -- Installing: C:/Users/luisgr3/Documents/GitHub/MantelGameMaker/vcpkg/packages/assimp_x64-windows/share/assimp/copyright
  -- Performing post-build validation
  Stored binaries in 1 destinations in 15 s.
  Elapsed time to handle assimp:x64-windows: 3.7 min
  Installing 15/29 egl-registry:x64-windows...
  Building egl-registry:x64-windows...
  -- Downloading https://github.com/KhronosGroup/EGL-Registry/archive/af97e2c27b49a090a335fc6ed5040c780ad9fec8.tar.gz -> KhronosGroup-EGL-Registry-af97e2c27b49a090a335fc6ed5040c780ad9fec8.tar.gz...
  -- Extracting source C:/Users/luisgr3/Documents/GitHub/MantelGameMaker/vcpkg/downloads/KhronosGroup-EGL-Registry-af97e2c27b49a090a335fc6ed5040c780ad9fec8.tar.gz
  -- Using source at C:/Users/luisgr3/Documents/GitHub/MantelGameMaker/vcpkg/buildtrees/egl-registry/src/780ad9fec8-51aa70c4bd.clean
  -- Installing: C:/Users/luisgr3/Documents/GitHub/MantelGameMaker/vcpkg/packages/egl-registry_x64-windows/share/egl-registry/copyright
  -- Performing post-build validation
  Stored binaries in 1 destinations in 85.2 ms.
  Elapsed time to handle egl-registry:x64-windows: 2.5 s
  Installing 16/29 opengl-registry:x64-windows...
  Building opengl-registry:x64-windows...
  -- Downloading https://github.com/KhronosGroup/OpenGL-Registry/archive/5bae8738b23d06968e7c3a41308568120943ae77.tar.gz -> KhronosGroup-OpenGL-Registry-5bae8738b23d06968e7c3a41308568120943ae77.tar.gz...
  -- Extracting source C:/Users/luisgr3/Documents/GitHub/MantelGameMaker/vcpkg/downloads/KhronosGroup-OpenGL-Registry-5bae8738b23d06968e7c3a41308568120943ae77.tar.gz
  -- Using source at C:/Users/luisgr3/Documents/GitHub/MantelGameMaker/vcpkg/buildtrees/opengl-registry/src/120943ae77-d1a12ea691.clean
  -- Installing: C:/Users/luisgr3/Documents/GitHub/MantelGameMaker/vcpkg/packages/opengl-registry_x64-windows/share/opengl-registry/copyright
  -- Performing post-build validation
  Stored binaries in 1 destinations in 361 ms.
  Elapsed time to handle opengl-registry:x64-windows: 15 s
  Installing 17/29 opengl:x64-windows...
  Building opengl:x64-windows...
  -- Installing: C:/Users/luisgr3/Documents/GitHub/MantelGameMaker/vcpkg/packages/opengl_x64-windows/include/GL/gl.h
  -- Installing: C:/Users/luisgr3/Documents/GitHub/MantelGameMaker/vcpkg/packages/opengl_x64-windows/include/GL/glu.h
  -- Installing: C:/Users/luisgr3/Documents/GitHub/MantelGameMaker/vcpkg/packages/opengl_x64-windows/lib/OpenGL32.Lib
  -- Installing: C:/Users/luisgr3/Documents/GitHub/MantelGameMaker/vcpkg/packages/opengl_x64-windows/lib/GlU32.Lib
  -- Installing: C:/Users/luisgr3/Documents/GitHub/MantelGameMaker/vcpkg/packages/opengl_x64-windows/debug/lib/OpenGL32.Lib
  -- Installing: C:/Users/luisgr3/Documents/GitHub/MantelGameMaker/vcpkg/packages/opengl_x64-windows/debug/lib/GlU32.Lib
  -- Fixing pkgconfig file: C:/Users/luisgr3/Documents/GitHub/MantelGameMaker/vcpkg/packages/opengl_x64-windows/lib/pkgconfig/glu.pc
  -- Fixing pkgconfig file: C:/Users/luisgr3/Documents/GitHub/MantelGameMaker/vcpkg/packages/opengl_x64-windows/lib/pkgconfig/opengl.pc
  -- Using cached mingw-w64-i686-pkgconf-1~1.8.0-2-any.pkg.tar.zst.
  -- Using cached msys2-msys2-runtime-3.4.6-1-x86_64.pkg.tar.zst.
  -- Using msys root at C:/Users/luisgr3/Documents/GitHub/MantelGameMaker/vcpkg/downloads/tools/msys2/6f3fa1a12ef85a6f
  -- Fixing pkgconfig file: C:/Users/luisgr3/Documents/GitHub/MantelGameMaker/vcpkg/packages/opengl_x64-windows/debug/lib/pkgconfig/glu.pc
  -- Fixing pkgconfig file: C:/Users/luisgr3/Documents/GitHub/MantelGameMaker/vcpkg/packages/opengl_x64-windows/debug/lib/pkgconfig/opengl.pc
  -- Installing: C:/Users/luisgr3/Documents/GitHub/MantelGameMaker/vcpkg/packages/opengl_x64-windows/share/opengl/usage
  -- Performing post-build validation
  Stored binaries in 1 destinations in 48.1 ms.
  Elapsed time to handle opengl:x64-windows: 479 ms
  Installing 18/29 freeglut:x64-windows...
  Building freeglut:x64-windows...
  -- Downloading https://github.com/FreeGLUTProject/freeglut/archive/v3.4.0.tar.gz -> FreeGLUTProject-freeglut-v3.4.0.tar.gz...
  -- Extracting source C:/Users/luisgr3/Documents/GitHub/MantelGameMaker/vcpkg/downloads/FreeGLUTProject-freeglut-v3.4.0.tar.gz
  -- Applying patch x11-dependencies-export.patch
  -- Applying patch fix-debug-macro.patch
  -- Applying patch no_x64_enforcement.patch
  -- Applying patch windows-output-name.patch
  -- Using source at C:/Users/luisgr3/Documents/GitHub/MantelGameMaker/vcpkg/buildtrees/freeglut/src/v3.4.0-fe4645a74b.clean
  -- Found external ninja('1.11.0').
  -- Configuring x64-windows
  -- Building x64-windows-dbg
  -- Building x64-windows-rel
  -- Fixing pkgconfig file: C:/Users/luisgr3/Documents/GitHub/MantelGameMaker/vcpkg/packages/freeglut_x64-windows/lib/pkgconfig/glut.pc
  -- Using cached mingw-w64-i686-pkgconf-1~1.8.0-2-any.pkg.tar.zst.
  -- Using cached msys2-msys2-runtime-3.4.6-1-x86_64.pkg.tar.zst.
  -- Using msys root at C:/Users/luisgr3/Documents/GitHub/MantelGameMaker/vcpkg/downloads/tools/msys2/6f3fa1a12ef85a6f
  -- Fixing pkgconfig file: C:/Users/luisgr3/Documents/GitHub/MantelGameMaker/vcpkg/packages/freeglut_x64-windows/debug/lib/pkgconfig/glut.pc
  -- Installing: C:/Users/luisgr3/Documents/GitHub/MantelGameMaker/vcpkg/packages/freeglut_x64-windows/share/glut/vcpkg-cmake-wrapper.cmake
  -- Installing: C:/Users/luisgr3/Documents/GitHub/MantelGameMaker/vcpkg/packages/freeglut_x64-windows/share/freeglut/usage
  -- Installing: C:/Users/luisgr3/Documents/GitHub/MantelGameMaker/vcpkg/packages/freeglut_x64-windows/share/freeglut/copyright
  -- Performing post-build validation
  Stored binaries in 1 destinations in 291 ms.
  Elapsed time to handle freeglut:x64-windows: 16 s
  Installing 19/29 libjpeg-turbo:x64-windows...
  Building libjpeg-turbo:x64-windows...
  -- Downloading https://github.com/libjpeg-turbo/libjpeg-turbo/archive/3.0.0.tar.gz -> libjpeg-turbo-libjpeg-turbo-3.0.0.tar.gz...
  -- Extracting source C:/Users/luisgr3/Documents/GitHub/MantelGameMaker/vcpkg/downloads/libjpeg-turbo-libjpeg-turbo-3.0.0.tar.gz
  -- Applying patch add-options-for-exes-docs-headers.patch
  -- Applying patch workaround_cmake_system_processor.patch
  -- Using source at C:/Users/luisgr3/Documents/GitHub/MantelGameMaker/vcpkg/buildtrees/libjpeg-turbo/src/3.0.0-a5414da82d.clean
  -- Downloading https://www.nasm.us/pub/nasm/releasebuilds/2.16.01/win64/nasm-2.16.01-win64.zip;https://gstreamer.freedesktop.org/src/mirror/nasm-2.16.01-win64.zip -> nasm-2.16.01-win64.zip...
  -- Found external ninja('1.11.0').
  -- Configuring x64-windows
  -- Building x64-windows-dbg
  -- Building x64-windows-rel
  -- Fixing pkgconfig file: C:/Users/luisgr3/Documents/GitHub/MantelGameMaker/vcpkg/packages/libjpeg-turbo_x64-windows/lib/pkgconfig/libjpeg.pc
  -- Fixing pkgconfig file: C:/Users/luisgr3/Documents/GitHub/MantelGameMaker/vcpkg/packages/libjpeg-turbo_x64-windows/lib/pkgconfig/libturbojpeg.pc
  -- Using cached mingw-w64-i686-pkgconf-1~1.8.0-2-any.pkg.tar.zst.
  -- Using cached msys2-msys2-runtime-3.4.6-1-x86_64.pkg.tar.zst.
  -- Using msys root at C:/Users/luisgr3/Documents/GitHub/MantelGameMaker/vcpkg/downloads/tools/msys2/6f3fa1a12ef85a6f
  -- Fixing pkgconfig file: C:/Users/luisgr3/Documents/GitHub/MantelGameMaker/vcpkg/packages/libjpeg-turbo_x64-windows/debug/lib/pkgconfig/libjpeg.pc
  -- Fixing pkgconfig file: C:/Users/luisgr3/Documents/GitHub/MantelGameMaker/vcpkg/packages/libjpeg-turbo_x64-windows/debug/lib/pkgconfig/libturbojpeg.pc
  -- Installing: C:/Users/luisgr3/Documents/GitHub/MantelGameMaker/vcpkg/packages/libjpeg-turbo_x64-windows/share/libjpeg-turbo/copyright
  -- Performing post-build validation
  Stored binaries in 1 destinations in 449 ms.
  Elapsed time to handle libjpeg-turbo:x64-windows: 34 s
  Installing 20/29 jasper:x64-windows...
  Building jasper[core,default-features,opengl]:x64-windows...
  -- Downloading https://github.com/jasper-software/jasper/archive/402d096b39f4f618ad9e6ff2b4fc1b5eb260a2e4.tar.gz -> jasper-software-jasper-402d096b39f4f618ad9e6ff2b4fc1b5eb260a2e4.tar.gz...
  -- Extracting source C:/Users/luisgr3/Documents/GitHub/MantelGameMaker/vcpkg/downloads/jasper-software-jasper-402d096b39f4f618ad9e6ff2b4fc1b5eb260a2e4.tar.gz
  -- Applying patch no_stdc_check.patch
  -- Applying patch fix-library-name.patch
  -- Using source at C:/Users/luisgr3/Documents/GitHub/MantelGameMaker/vcpkg/buildtrees/jasper/src/5eb260a2e4-ca02e25be6.clean
  -- Found external ninja('1.11.0').
  -- Configuring x64-windows
  -- Building x64-windows-dbg
  -- Building x64-windows-rel
  -- Fixing pkgconfig file: C:/Users/luisgr3/Documents/GitHub/MantelGameMaker/vcpkg/packages/jasper_x64-windows/lib/pkgconfig/jasper.pc
  -- Using cached mingw-w64-i686-pkgconf-1~1.8.0-2-any.pkg.tar.zst.
  -- Using cached msys2-msys2-runtime-3.4.6-1-x86_64.pkg.tar.zst.
  -- Using msys root at C:/Users/luisgr3/Documents/GitHub/MantelGameMaker/vcpkg/downloads/tools/msys2/6f3fa1a12ef85a6f
  -- Fixing pkgconfig file: C:/Users/luisgr3/Documents/GitHub/MantelGameMaker/vcpkg/packages/jasper_x64-windows/debug/lib/pkgconfig/jasper.pc
  -- Installing: C:/Users/luisgr3/Documents/GitHub/MantelGameMaker/vcpkg/packages/jasper_x64-windows/share/jasper/copyright
  -- Performing post-build validation
  Stored binaries in 1 destinations in 295 ms.
  Elapsed time to handle jasper:x64-windows: 33 s
  Installing 21/29 lcms:x64-windows...
  Building lcms:x64-windows...
  -- Downloading https://github.com/mm2/Little-CMS/archive/lcms2.14.tar.gz -> mm2-Little-CMS-lcms2.14.tar.gz...
  -- Extracting source C:/Users/luisgr3/Documents/GitHub/MantelGameMaker/vcpkg/downloads/mm2-Little-CMS-lcms2.14.tar.gz
  -- Applying patch remove_library_directive.patch
  -- Applying patch fix-shared-library.patch
  -- Applying patch remove-register.patch
  -- Using source at C:/Users/luisgr3/Documents/GitHub/MantelGameMaker/vcpkg/buildtrees/lcms/src/lcms2.14-a594fc797e.clean
  -- Found external ninja('1.11.0').
  -- Configuring x64-windows
  -- Building x64-windows-dbg
  -- Building x64-windows-rel
  -- Fixing pkgconfig file: C:/Users/luisgr3/Documents/GitHub/MantelGameMaker/vcpkg/packages/lcms_x64-windows/lib/pkgconfig/lcms2.pc
  -- Using cached mingw-w64-i686-pkgconf-1~1.8.0-2-any.pkg.tar.zst.
  -- Using cached msys2-msys2-runtime-3.4.6-1-x86_64.pkg.tar.zst.
  -- Using msys root at C:/Users/luisgr3/Documents/GitHub/MantelGameMaker/vcpkg/downloads/tools/msys2/6f3fa1a12ef85a6f
  -- Fixing pkgconfig file: C:/Users/luisgr3/Documents/GitHub/MantelGameMaker/vcpkg/packages/lcms_x64-windows/debug/lib/pkgconfig/lcms2.pc
  -- Installing: C:/Users/luisgr3/Documents/GitHub/MantelGameMaker/vcpkg/packages/lcms_x64-windows/share/lcms/copyright
  -- Installing: C:/Users/luisgr3/Documents/GitHub/MantelGameMaker/vcpkg/packages/lcms_x64-windows/share/lcms/usage
  -- Performing post-build validation
  Stored binaries in 1 destinations in 296 ms.
  Elapsed time to handle lcms:x64-windows: 10 s
  Installing 22/29 libpng:x64-windows...
  Building libpng:x64-windows...
  -- Downloading https://github.com/glennrp/libpng/archive/v1.6.39.tar.gz -> glennrp-libpng-v1.6.39.tar.gz...
  -- Extracting source C:/Users/luisgr3/Documents/GitHub/MantelGameMaker/vcpkg/downloads/glennrp-libpng-v1.6.39.tar.gz
  -- Applying patch cmake.patch
  -- Applying patch fix-export-targets.patch
  -- Applying patch pkgconfig.patch
  -- Applying patch fix-msa-support-for-mips.patch
  -- Using source at C:/Users/luisgr3/Documents/GitHub/MantelGameMaker/vcpkg/buildtrees/libpng/src/v1.6.39-a77eb96d39.clean
  -- Found external ninja('1.11.0').
  -- Configuring x64-windows
  -- Building x64-windows-dbg
  -- Building x64-windows-rel
  -- Installing: C:/Users/luisgr3/Documents/GitHub/MantelGameMaker/vcpkg/packages/libpng_x64-windows/share/png/vcpkg-cmake-wrapper.cmake
  -- Fixing pkgconfig file: C:/Users/luisgr3/Documents/GitHub/MantelGameMaker/vcpkg/packages/libpng_x64-windows/lib/pkgconfig/libpng16.pc
  -- Using cached mingw-w64-i686-pkgconf-1~1.8.0-2-any.pkg.tar.zst.
  -- Using cached msys2-msys2-runtime-3.4.6-1-x86_64.pkg.tar.zst.
  -- Using msys root at C:/Users/luisgr3/Documents/GitHub/MantelGameMaker/vcpkg/downloads/tools/msys2/6f3fa1a12ef85a6f
  -- Fixing pkgconfig file: C:/Users/luisgr3/Documents/GitHub/MantelGameMaker/vcpkg/packages/libpng_x64-windows/debug/lib/pkgconfig/libpng16.pc
  -- Installing: C:/Users/luisgr3/Documents/GitHub/MantelGameMaker/vcpkg/packages/libpng_x64-windows/debug/lib/pkgconfig/libpng.pc
  -- Installing: C:/Users/luisgr3/Documents/GitHub/MantelGameMaker/vcpkg/packages/libpng_x64-windows/lib/pkgconfig/libpng.pc
  -- Installing: C:/Users/luisgr3/Documents/GitHub/MantelGameMaker/vcpkg/packages/libpng_x64-windows/share/libpng/usage
  -- Installing: C:/Users/luisgr3/Documents/GitHub/MantelGameMaker/vcpkg/packages/libpng_x64-windows/share/libpng/copyright
  -- Performing post-build validation
  Stored binaries in 1 destinations in 206 ms.
  Elapsed time to handle libpng:x64-windows: 9.7 s
  Installing 23/29 imath:x64-windows...
  Building imath:x64-windows...
  -- Downloading https://github.com/AcademySoftwareFoundation/Imath/archive/v3.1.9.tar.gz -> AcademySoftwareFoundation-Imath-v3.1.9.tar.gz...
  -- Extracting source C:/Users/luisgr3/Documents/GitHub/MantelGameMaker/vcpkg/downloads/AcademySoftwareFoundation-Imath-v3.1.9.tar.gz
  -- Using source at C:/Users/luisgr3/Documents/GitHub/MantelGameMaker/vcpkg/buildtrees/imath/src/v3.1.9-ebdd82bddb.clean
  -- Found external ninja('1.11.0').
  -- Configuring x64-windows
  -- Building x64-windows-dbg
  -- Building x64-windows-rel
  -- Fixing pkgconfig file: C:/Users/luisgr3/Documents/GitHub/MantelGameMaker/vcpkg/packages/imath_x64-windows/lib/pkgconfig/Imath.pc
  -- Using cached mingw-w64-i686-pkgconf-1~1.8.0-2-any.pkg.tar.zst.
  -- Using cached msys2-msys2-runtime-3.4.6-1-x86_64.pkg.tar.zst.
  -- Using msys root at C:/Users/luisgr3/Documents/GitHub/MantelGameMaker/vcpkg/downloads/tools/msys2/6f3fa1a12ef85a6f
  -- Fixing pkgconfig file: C:/Users/luisgr3/Documents/GitHub/MantelGameMaker/vcpkg/packages/imath_x64-windows/debug/lib/pkgconfig/Imath.pc
  -- Installing: C:/Users/luisgr3/Documents/GitHub/MantelGameMaker/vcpkg/packages/imath_x64-windows/share/imath/copyright
  -- Performing post-build validation
  Stored binaries in 1 destinations in 210 ms.
  Elapsed time to handle imath:x64-windows: 7.8 s
  Installing 24/29 openexr:x64-windows...
  Building openexr:x64-windows...
  -- Downloading https://github.com/AcademySoftwareFoundation/openexr/archive/v3.1.8.tar.gz -> AcademySoftwareFoundation-openexr-v3.1.8.tar.gz...
  -- Extracting source C:/Users/luisgr3/Documents/GitHub/MantelGameMaker/vcpkg/downloads/AcademySoftwareFoundation-openexr-v3.1.8.tar.gz
  -- Applying patch fix-arm64-windows-build.patch
  -- Using source at C:/Users/luisgr3/Documents/GitHub/MantelGameMaker/vcpkg/buildtrees/openexr/src/v3.1.8-6393bee0eb.clean
  -- Found external ninja('1.11.0').
  -- Configuring x64-windows
  -- Building x64-windows-dbg
  -- Building x64-windows-rel
  -- Using cached mingw-w64-i686-pkgconf-1~1.8.0-2-any.pkg.tar.zst.
  -- Using cached msys2-msys2-runtime-3.4.6-1-x86_64.pkg.tar.zst.
  -- Using msys root at C:/Users/luisgr3/Documents/GitHub/MantelGameMaker/vcpkg/downloads/tools/msys2/6f3fa1a12ef85a6f
  -- Installing: C:/Users/luisgr3/Documents/GitHub/MantelGameMaker/vcpkg/packages/openexr_x64-windows/share/openexr/usage
  -- Installing: C:/Users/luisgr3/Documents/GitHub/MantelGameMaker/vcpkg/packages/openexr_x64-windows/share/openexr/copyright
  -- Performing post-build validation
  Stored binaries in 1 destinations in 2.3 s.
  Elapsed time to handle openexr:x64-windows: 1.4 min
  Installing 25/29 liblzma:x64-windows...
  Building liblzma:x64-windows...
  -- Downloading https://github.com/tukaani-project/xz/archive/v5.4.3.tar.gz -> tukaani-project-xz-v5.4.3.tar.gz...
  -- Extracting source C:/Users/luisgr3/Documents/GitHub/MantelGameMaker/vcpkg/downloads/tukaani-project-xz-v5.4.3.tar.gz
  -- Applying patch fix_config_include.patch
  -- Applying patch win_output_name.patch
  -- Applying patch add_support_ios.patch
  -- Applying patch build-tools.patch
  -- Using source at C:/Users/luisgr3/Documents/GitHub/MantelGameMaker/vcpkg/buildtrees/liblzma/src/v5.4.3-3da4e465c1.clean
  -- Found external ninja('1.11.0').
  -- Configuring x64-windows
  -- Building x64-windows-dbg
  -- Building x64-windows-rel
  -- Fixing pkgconfig file: C:/Users/luisgr3/Documents/GitHub/MantelGameMaker/vcpkg/packages/liblzma_x64-windows/lib/pkgconfig/liblzma.pc
  -- Using cached mingw-w64-i686-pkgconf-1~1.8.0-2-any.pkg.tar.zst.
  -- Using cached msys2-msys2-runtime-3.4.6-1-x86_64.pkg.tar.zst.
  -- Using msys root at C:/Users/luisgr3/Documents/GitHub/MantelGameMaker/vcpkg/downloads/tools/msys2/6f3fa1a12ef85a6f
  -- Fixing pkgconfig file: C:/Users/luisgr3/Documents/GitHub/MantelGameMaker/vcpkg/packages/liblzma_x64-windows/debug/lib/pkgconfig/liblzma.pc
  -- Installing: C:/Users/luisgr3/Documents/GitHub/MantelGameMaker/vcpkg/packages/liblzma_x64-windows/share/liblzma/copyright
  -- Performing post-build validation
  Stored binaries in 1 destinations in 247 ms.
  Elapsed time to handle liblzma:x64-windows: 22 s
  Installing 26/29 tiff:x64-windows...
  Building tiff[core,jpeg,lzma,zip]:x64-windows...
  -- Downloading https://gitlab.com/libtiff/libtiff/-/archive/v4.5.1/libtiff-v4.5.1.tar.gz -> libtiff-libtiff-v4.5.1.tar.gz...
  -- Extracting source C:/Users/luisgr3/Documents/GitHub/MantelGameMaker/vcpkg/downloads/libtiff-libtiff-v4.5.1.tar.gz
  -- Applying patch FindCMath.patch
  -- Using source at C:/Users/luisgr3/Documents/GitHub/MantelGameMaker/vcpkg/buildtrees/tiff/src/v4.5.1-0e3256aca0.clean
  -- Found external ninja('1.11.0').
  -- Configuring x64-windows
  -- Building x64-windows-dbg
  -- Building x64-windows-rel
  -- Fixing pkgconfig file: C:/Users/luisgr3/Documents/GitHub/MantelGameMaker/vcpkg/packages/tiff_x64-windows/lib/pkgconfig/libtiff-4.pc
  -- Using cached mingw-w64-i686-pkgconf-1~1.8.0-2-any.pkg.tar.zst.
  -- Using cached msys2-msys2-runtime-3.4.6-1-x86_64.pkg.tar.zst.
  -- Using msys root at C:/Users/luisgr3/Documents/GitHub/MantelGameMaker/vcpkg/downloads/tools/msys2/6f3fa1a12ef85a6f
  -- Fixing pkgconfig file: C:/Users/luisgr3/Documents/GitHub/MantelGameMaker/vcpkg/packages/tiff_x64-windows/debug/lib/pkgconfig/libtiff-4.pc
  -- Installing: C:/Users/luisgr3/Documents/GitHub/MantelGameMaker/vcpkg/packages/tiff_x64-windows/share/tiff/copyright
  -- Performing post-build validation
  Stored binaries in 1 destinations in 308 ms.
  Elapsed time to handle tiff:x64-windows: 32 s
  Installing 27/29 devil:x64-windows...
  Building devil[core,jasper,lcms,libjpeg,libpng,openexr,tiff]:x64-windows...
  -- Downloading https://github.com/DentonW/DevIL/archive/v1.8.0.tar.gz -> DentonW-DevIL-v1.8.0.tar.gz...
  -- Extracting source C:/Users/luisgr3/Documents/GitHub/MantelGameMaker/vcpkg/downloads/DentonW-DevIL-v1.8.0.tar.gz
  -- Applying patch 0001_fix-encoding.patch
  -- Applying patch 0002_fix-missing-mfc-includes.patch
  -- Applying patch 0003_fix-openexr.patch
  -- Applying patch enable-static.patch
  -- Applying patch 0004_compatible-jasper-2-0-20.patch
  -- Applying patch 0005-fix-pkgconfig.patch
  -- Applying patch 0006-fix-ilut-header.patch
  -- Applying patch jasper-4.patch
  -- Using source at C:/Users/luisgr3/Documents/GitHub/MantelGameMaker/vcpkg/buildtrees/devil/src/v1.8.0-13a02e996b.clean
  -- Found external ninja('1.11.0').
  -- Configuring x64-windows-dbg
  -- Configuring x64-windows-rel
  -- Building x64-windows-dbg
  -- Building x64-windows-rel
  -- Fixing pkgconfig file: C:/Users/luisgr3/Documents/GitHub/MantelGameMaker/vcpkg/packages/devil_x64-windows/lib/pkgconfig/DevIL.pc
  -- Fixing pkgconfig file: C:/Users/luisgr3/Documents/GitHub/MantelGameMaker/vcpkg/packages/devil_x64-windows/lib/pkgconfig/ILU.pc
  -- Fixing pkgconfig file: C:/Users/luisgr3/Documents/GitHub/MantelGameMaker/vcpkg/packages/devil_x64-windows/lib/pkgconfig/ILUT.pc
  -- Using cached mingw-w64-i686-pkgconf-1~1.8.0-2-any.pkg.tar.zst.
  -- Using cached msys2-msys2-runtime-3.4.6-1-x86_64.pkg.tar.zst.
  -- Using msys root at C:/Users/luisgr3/Documents/GitHub/MantelGameMaker/vcpkg/downloads/tools/msys2/6f3fa1a12ef85a6f
  -- Fixing pkgconfig file: C:/Users/luisgr3/Documents/GitHub/MantelGameMaker/vcpkg/packages/devil_x64-windows/debug/lib/pkgconfig/DevIL.pc
  -- Fixing pkgconfig file: C:/Users/luisgr3/Documents/GitHub/MantelGameMaker/vcpkg/packages/devil_x64-windows/debug/lib/pkgconfig/ILU.pc
  -- Fixing pkgconfig file: C:/Users/luisgr3/Documents/GitHub/MantelGameMaker/vcpkg/packages/devil_x64-windows/debug/lib/pkgconfig/ILUT.pc
  -- Installing: C:/Users/luisgr3/Documents/GitHub/MantelGameMaker/vcpkg/packages/devil_x64-windows/share/devil/copyright
  -- Performing post-build validation
  Stored binaries in 1 destinations in 456 ms.
  Elapsed time to handle devil:x64-windows: 40 s
  Installing 28/29 glew:x64-windows...
  Building glew:x64-windows...
  -- Downloading https://github.com/nigels-com/glew/releases/download/glew-2.2.0/glew-2.2.0.tgz -> glew-2.2.0.tgz...
  -- Extracting source C:/Users/luisgr3/Documents/GitHub/MantelGameMaker/vcpkg/downloads/glew-2.2.0.tgz
  -- Applying patch fix-LNK2019.patch
  -- Applying patch base_address.patch
  -- Using source at C:/Users/luisgr3/Documents/GitHub/MantelGameMaker/vcpkg/buildtrees/glew/src/glew-80f5997feb.clean
  -- Found external ninja('1.11.0').
  -- Configuring x64-windows-dbg
  -- Configuring x64-windows-rel
  -- Building x64-windows-dbg
  -- Building x64-windows-rel
  -- Fixing pkgconfig file: C:/Users/luisgr3/Documents/GitHub/MantelGameMaker/vcpkg/packages/glew_x64-windows/lib/pkgconfig/glew.pc
  -- Fixing pkgconfig file: C:/Users/luisgr3/Documents/GitHub/MantelGameMaker/vcpkg/packages/glew_x64-windows/debug/lib/pkgconfig/glew.pc
  -- Installing: C:/Users/luisgr3/Documents/GitHub/MantelGameMaker/vcpkg/packages/glew_x64-windows/share/glew/vcpkg-cmake-wrapper.cmake
  -- Installing: C:/Users/luisgr3/Documents/GitHub/MantelGameMaker/vcpkg/packages/glew_x64-windows/share/glew/copyright
  -- Performing post-build validation
  Stored binaries in 1 destinations in 319 ms.
  Elapsed time to handle glew:x64-windows: 49 s
  Installing 29/29 glm:x64-windows...
  Building glm:x64-windows...
  -- Downloading https://github.com/g-truc/glm/archive/5c46b9c07008ae65cb81ab79cd677ecc1934b903.tar.gz -> g-truc-glm-5c46b9c07008ae65cb81ab79cd677ecc1934b903.tar.gz...
  -- Extracting source C:/Users/luisgr3/Documents/GitHub/MantelGameMaker/vcpkg/downloads/g-truc-glm-5c46b9c07008ae65cb81ab79cd677ecc1934b903.tar.gz
  -- Using source at C:/Users/luisgr3/Documents/GitHub/MantelGameMaker/vcpkg/buildtrees/glm/src/cc1934b903-8ceebbed1b.clean
  -- Found external ninja('1.11.0').
  -- Configuring x64-windows
  -- Building x64-windows-rel
  -- Installing: C:/Users/luisgr3/Documents/GitHub/MantelGameMaker/vcpkg/packages/glm_x64-windows/share/glm/copyright
  -- Installing: C:/Users/luisgr3/Documents/GitHub/MantelGameMaker/vcpkg/packages/glm_x64-windows/share/glm/usage
  -- Performing post-build validation
  Stored binaries in 1 destinations in 472 ms.
  Elapsed time to handle glm:x64-windows: 8 s
  Total install time: 12 min
  assimp provides CMake targets:
  
    # this is heuristically generated, and may not be correct
    find_package(assimp CONFIG REQUIRED)
    target_link_libraries(main PRIVATE assimp::assimp)
  
  The package opengl is compatible with built-in CMake targets via CMake v3.7 and prior syntax
  
      find_package(OpenGL REQUIRED)
      target_link_libraries(main PRIVATE ${OPENGL_LIBRARIES})
      target_include_directories(main PRIVATE ${OPENGL_INCLUDE_DIR})
  
  and the CMake v3.8 and beyond imported target syntax
  
      find_package(OpenGL REQUIRED)
      target_link_libraries(main PRIVATE OpenGL::GL)
  
  introduction of various components
  
      find_package(OpenGL REQUIRED COMPONENTS GL      # v3.8
                                              GLU     # v3.8
                                              GLX     # v3.10
                                              EGL     # v3.10
                                              OpenGL) # v3.10
  
  The OpenGL SDK is highly platform dependent and is usually an OS component. It's not realistic to build from source for every platform.
  
      WINDOWS: is part of the Windows SDK which this package installs.
      LINUX: the SDK may be installed from your distro's repo or from 3rd parties manually. There are too many to count.
      APPLE: consult your distribution vendor on the state of OpenGL support: https://support.apple.com/en-us/HT202823
  
  The package glew is compatible with built-in CMake targets:
  
      find_package(GLEW REQUIRED)
      target_link_libraries(main PRIVATE GLEW::GLEW)
  
  glm provides CMake targets:
  
      find_package(glm CONFIG REQUIRED)
      target_link_libraries(main PRIVATE glm::glm)
  
  Scanning sources for module dependencies...
  EGlobals.h
  Compiling...
  EGlobals.h
  Camera.cpp
  Cube.cpp
  CubeImmediateMode.cpp
  CubeInterleavedVBO.cpp
  CubeVertexArray.cpp
  CubeVertexBuffer.cpp
  CubeWireframeIVBO.cpp
  GameObject.cpp
C:\Users\luisgr3\Documents\GitHub\MantelGameMaker\MantelGameEngine\GameObject.cpp(10,14): warning C4834: discarding return value of function with 'nodiscard' attribute
  GraphicObject.cpp
  Mesh.cpp
C:\Program Files\Microsoft Visual Studio\2022\Community\VC\Tools\MSVC\14.37.32822\include\xutility(240,76): warning C4267: 'argument': conversion from 'size_t' to 'unsigned int', possible loss of data
C:\Program Files\Microsoft Visual Studio\2022\Community\VC\Tools\MSVC\14.37.32822\include\xutility(250,14): message : see reference to function template instantiation '_Ty *std::construct_at<_Ty,Mesh::Formats,Mesh::V3T2*,unsigned __int64,unsigned int*,unsigned __int64,0x0>(_Ty *const ,Mesh::Formats &&,Mesh::V3T2 *&&,unsigned __int64 &&,unsigned int *&&,unsigned __int64 &&) noexcept(<expr>)' being compiled
          with
          [
              _Ty=Mesh
          ]
C:\Program Files\Microsoft Visual Studio\2022\Community\VC\Tools\MSVC\14.37.32822\include\memory(2104,18): message : see reference to function template instantiation 'void std::_Construct_in_place<_Ty,Mesh::Formats,Mesh::V3T2*,unsigned __int64,unsigned int*,unsigned __int64>(_Ty &,Mesh::Formats &&,Mesh::V3T2 *&&,unsigned __int64 &&,unsigned int *&&,unsigned __int64 &&) noexcept(false)' being compiled
          with
          [
              _Ty=Mesh
          ]
C:\Program Files\Microsoft Visual Studio\2022\Community\VC\Tools\MSVC\14.37.32822\include\memory(2779,46): message : see reference to function template instantiation 'std::_Ref_count_obj2<Mesh>::_Ref_count_obj2<_Ty,Mesh::V3T2*,unsigned __int64,unsigned int*,unsigned __int64>(_Ty &&,Mesh::V3T2 *&&,unsigned __int64 &&,unsigned int *&&,unsigned __int64 &&)' being compiled
          with
          [
              _Ty=Mesh::Formats
          ]
C:\Users\luisgr3\Documents\GitHub\MantelGameMaker\MantelGameEngine\Mesh.cpp(79,26): message : see reference to function template instantiation 'std::shared_ptr<Mesh> std::make_shared<Mesh,Mesh::Formats,_Ty*,unsigned __int64,unsigned int*,unsigned __int64>(Mesh::Formats &&,_Ty *&&,unsigned __int64 &&,unsigned int *&&,unsigned __int64 &&)' being compiled
          with
          [
              _Ty=Mesh::V3T2
          ]
C:\Program Files\Microsoft Visual Studio\2022\Community\VC\Tools\MSVC\14.37.32822\include\xutility(254,82): warning C4267: 'argument': conversion from 'size_t' to 'unsigned int', possible loss of data
C:\Program Files\Microsoft Visual Studio\2022\Community\VC\Tools\MSVC\14.37.32822\include\xutility(241,90): warning C4267: 'argument': conversion from 'size_t' to 'unsigned int', possible loss of data
C:\Program Files\Microsoft Visual Studio\2022\Community\VC\Tools\MSVC\14.37.32822\include\xutility(250,14): message : see reference to function template instantiation '_Ty *std::construct_at<_Ty,Mesh::Formats,Mesh::V3T2*,unsigned __int64,unsigned int*,unsigned __int64,0x0>(_Ty *const ,Mesh::Formats &&,Mesh::V3T2 *&&,unsigned __int64 &&,unsigned int *&&,unsigned __int64 &&) noexcept(false)' being compiled
          with
          [
              _Ty=Mesh
          ]
C:\Program Files\Microsoft Visual Studio\2022\Community\VC\Tools\MSVC\14.37.32822\include\memory(2104,18): message : see reference to function template instantiation 'void std::_Construct_in_place<_Ty,Mesh::Formats,Mesh::V3T2*,unsigned __int64,unsigned int*,unsigned __int64>(_Ty &,Mesh::Formats &&,Mesh::V3T2 *&&,unsigned __int64 &&,unsigned int *&&,unsigned __int64 &&) noexcept(false)' being compiled
          with
          [
              _Ty=Mesh
          ]
  MantelGameEngine.cpp
  Texture2D.cpp
  Transform.cpp
C:\Users\luisgr3\Documents\GitHub\MantelGameMaker\MantelGameEngine\Transform.cpp(69,34): warning C4244: '=': conversion from 'T' to 'T', possible loss of data
          with
          [
              T=double
          ]
          and
          [
              T=float
          ]
C:\Users\luisgr3\Documents\GitHub\MantelGameMaker\MantelGameEngine\Transform.cpp(69,71): warning C4244: '=': conversion from 'T' to 'T', possible loss of data
          with
          [
              T=double
          ]
          and
          [
              T=float
          ]
C:\Users\luisgr3\Documents\GitHub\MantelGameMaker\MantelGameEngine\Transform.cpp(69,108): warning C4244: '=': conversion from 'T' to 'T', possible loss of data
          with
          [
              T=double
          ]
          and
          [
              T=float
          ]
C:\Users\luisgr3\Documents\GitHub\MantelGameMaker\MantelGameEngine\Transform.cpp(70,31): warning C4244: '=': conversion from 'T' to 'T', possible loss of data
          with
          [
              T=double
          ]
          and
          [
              T=float
          ]
C:\Users\luisgr3\Documents\GitHub\MantelGameMaker\MantelGameEngine\Transform.cpp(70,65): warning C4244: '=': conversion from 'T' to 'T', possible loss of data
          with
          [
              T=double
          ]
          and
          [
              T=float
          ]
C:\Users\luisgr3\Documents\GitHub\MantelGameMaker\MantelGameEngine\Transform.cpp(70,99): warning C4244: '=': conversion from 'T' to 'T', possible loss of data
          with
          [
              T=double
          ]
          and
          [
              T=float
          ]
C:\Users\luisgr3\Documents\GitHub\MantelGameMaker\MantelGameEngine\Transform.cpp(71,36): warning C4244: '=': conversion from 'T' to 'T', possible loss of data
          with
          [
              T=double
          ]
          and
          [
              T=float
          ]
C:\Users\luisgr3\Documents\GitHub\MantelGameMaker\MantelGameEngine\Transform.cpp(71,74): warning C4244: '=': conversion from 'T' to 'T', possible loss of data
          with
          [
              T=double
          ]
          and
          [
              T=float
          ]
C:\Users\luisgr3\Documents\GitHub\MantelGameMaker\MantelGameEngine\Transform.cpp(71,112): warning C4244: '=': conversion from 'T' to 'T', possible loss of data
          with
          [
              T=double
          ]
          and
          [
              T=float
          ]
C:\Users\luisgr3\Documents\GitHub\MantelGameMaker\MantelGameEngine\Transform.cpp(78,34): warning C4244: '=': conversion from 'T' to 'T', possible loss of data
          with
          [
              T=double
          ]
          and
          [
              T=float
          ]
C:\Users\luisgr3\Documents\GitHub\MantelGameMaker\MantelGameEngine\Transform.cpp(78,71): warning C4244: '=': conversion from 'T' to 'T', possible loss of data
          with
          [
              T=double
          ]
          and
          [
              T=float
          ]
C:\Users\luisgr3\Documents\GitHub\MantelGameMaker\MantelGameEngine\Transform.cpp(78,108): warning C4244: '=': conversion from 'T' to 'T', possible loss of data
          with
          [
              T=double
          ]
          and
          [
              T=float
          ]
C:\Users\luisgr3\Documents\GitHub\MantelGameMaker\MantelGameEngine\Transform.cpp(79,31): warning C4244: '=': conversion from 'T' to 'T', possible loss of data
          with
          [
              T=double
          ]
          and
          [
              T=float
          ]
C:\Users\luisgr3\Documents\GitHub\MantelGameMaker\MantelGameEngine\Transform.cpp(79,65): warning C4244: '=': conversion from 'T' to 'T', possible loss of data
          with
          [
              T=double
          ]
          and
          [
              T=float
          ]
C:\Users\luisgr3\Documents\GitHub\MantelGameMaker\MantelGameEngine\Transform.cpp(79,99): warning C4244: '=': conversion from 'T' to 'T', possible loss of data
          with
          [
              T=double
          ]
          and
          [
              T=float
          ]
C:\Users\luisgr3\Documents\GitHub\MantelGameMaker\MantelGameEngine\Transform.cpp(80,36): warning C4244: '=': conversion from 'T' to 'T', possible loss of data
          with
          [
              T=double
          ]
          and
          [
              T=float
          ]
C:\Users\luisgr3\Documents\GitHub\MantelGameMaker\MantelGameEngine\Transform.cpp(80,74): warning C4244: '=': conversion from 'T' to 'T', possible loss of data
          with
          [
              T=double
          ]
          and
          [
              T=float
          ]
C:\Users\luisgr3\Documents\GitHub\MantelGameMaker\MantelGameEngine\Transform.cpp(80,112): warning C4244: '=': conversion from 'T' to 'T', possible loss of data
          with
          [
              T=double
          ]
          and
          [
              T=float
          ]
  Generating Code...
GLU32.lib(GLU32.dll) : warning LNK4006: __NULL_IMPORT_DESCRIPTOR already defined in OpenGL32.lib(OPENGL32.dll); second definition ignored
glew32.lib(glew32.dll) : warning LNK4006: __NULL_IMPORT_DESCRIPTOR already defined in OpenGL32.lib(OPENGL32.dll); second definition ignored
DevIL.lib(DevIL.dll) : warning LNK4006: __NULL_IMPORT_DESCRIPTOR already defined in OpenGL32.lib(OPENGL32.dll); second definition ignored
assimp-vc143-mt.lib(assimp-vc143-mt.dll) : warning LNK4006: __NULL_IMPORT_DESCRIPTOR already defined in OpenGL32.lib(OPENGL32.dll); second definition ignored
Mesh.obj : warning LNK4006: "public: enum aiReturn __cdecl aiMaterial::GetTexture(enum aiTextureType,unsigned int,struct aiString *,enum aiTextureMapping *,unsigned int *,float *,enum aiTextureOp *,enum aiTextureMapMode *)const " (?GetTexture@aiMaterial@@QEBA?AW4aiReturn@@W4aiTextureType@@IPEAUaiString@@PEAW4aiTextureMapping@@PEAIPEAMPEAW4aiTextureOp@@PEAW4aiTextureMapMode@@@Z) already defined in assimp-vc143-mt.lib(assimp-vc143-mt.dll); second definition ignored
  MantelGameEngine.vcxproj -> C:\Users\luisgr3\Documents\GitHub\MantelGameMaker\x64\Debug\MantelGameEngine.lib
