  Downloading https://github.com/microsoft/vcpkg-tool/releases/download/2023-09-15/vcpkg.exe -> D:\repos\Github\MantelGameMaker\vcpkg\vcpkg.exe... done.
  Validating signature... done.
  
  vcpkg package management program version 2023-09-15-ac02a9f660977426b8ec6392919fbb1d51b10998
  
  See LICENSE.txt for license information.
  Telemetry
  ---------
  vcpkg collects usage data in order to help us improve your experience.
  The data collected by Microsoft is anonymous.
  You can opt-out of telemetry by re-running the bootstrap-vcpkg script with -disableMetrics,
  passing --disable-metrics to vcpkg on the command line,
  or by setting the VCPKG_DISABLE_METRICS environment variable.
  
  Read more about vcpkg telemetry at docs/about/privacy.md
  Computing installation plan...
  The following packages are already installed:
      assimp:x64-windows -> 5.3.1
      devil[core,tiff,openexr,libpng,libjpeg,lcms,jasper]:x64-windows -> 1.8.0#11
      glew:x64-windows -> 2.2.0#3
      glm:x64-windows -> 2023-06-08
      opengl:x64-windows -> 2022-12-04#3
  assimp:x64-windows is already installed
  devil:x64-windows is already installed
  glew:x64-windows is already installed
  glm:x64-windows is already installed
  opengl:x64-windows is already installed
  Total install time: 105 us
  assimp provides CMake targets:
  
    # this is heuristically generated, and may not be correct
    find_package(assimp CONFIG REQUIRED)
    target_link_libraries(main PRIVATE assimp::assimp)
  
  The package glew is compatible with built-in CMake targets:
  
      find_package(GLEW REQUIRED)
      target_link_libraries(main PRIVATE GLEW::GLEW)
  
  glm provides CMake targets:
  
      find_package(glm CONFIG REQUIRED)
      target_link_libraries(main PRIVATE glm::glm)
  
  The package opengl is compatible with built-in CMake targets via CMake v3.7 and prior syntax
  
      find_package(OpenGL REQUIRED)
      target_link_libraries(main PRIVATE ${OPENGL_LIBRARIES})
      target_include_directories(main PRIVATE ${OPENGL_INCLUDE_DIR})
  
  and the CMake v3.8 and beyond imported target syntax
  
      find_package(OpenGL REQUIRED)
      target_link_libraries(main PRIVATE OpenGL::GL)
  
  introduction of various components
  
      find_package(OpenGL REQUIRED COMPONENTS GL      # v3.8
                                              GLU     # v3.8
                                              GLX     # v3.10
                                              EGL     # v3.10
                                              OpenGL) # v3.10
  
  The OpenGL SDK is highly platform dependent and is usually an OS component. It's not realistic to build from source for every platform.
  
      WINDOWS: is part of the Windows SDK which this package installs.
      LINUX: the SDK may be installed from your distro's repo or from 3rd parties manually. There are too many to count.
      APPLE: consult your distribution vendor on the state of OpenGL support: https://support.apple.com/en-us/HT202823
  
  Scanning sources for module dependencies...
  EGlobals.h
  Compiling...
  EGlobals.h
  Camera.cpp
  Cube.cpp
  CubeImmediateMode.cpp
  CubeInterleavedVBO.cpp
  CubeVertexArray.cpp
  CubeVertexBuffer.cpp
  CubeWireframeIVBO.cpp
  GameObject.cpp
D:\repos\Github\MantelGameMaker\MantelGameEngine\GameObject.cpp(10,14): warning C4834: discarding return value of function with 'nodiscard' attribute
  GraphicObject.cpp
  Mesh.cpp
D:\AppsRandom\Microsoft\Microsoft Visual Studio\2022\Community\VC\Tools\MSVC\14.37.32822\include\xutility(240,76): warning C4267: 'argument': conversion from 'size_t' to 'unsigned int', possible loss of data
D:\AppsRandom\Microsoft\Microsoft Visual Studio\2022\Community\VC\Tools\MSVC\14.37.32822\include\xutility(250,14): message : see reference to function template instantiation '_Ty *std::construct_at<_Ty,Mesh::Formats,Mesh::V3T2*,unsigned __int64,unsigned int*,unsigned __int64,0x0>(_Ty *const ,Mesh::Formats &&,Mesh::V3T2 *&&,unsigned __int64 &&,unsigned int *&&,unsigned __int64 &&) noexcept(<expr>)' being compiled
          with
          [
              _Ty=Mesh
          ]
D:\AppsRandom\Microsoft\Microsoft Visual Studio\2022\Community\VC\Tools\MSVC\14.37.32822\include\memory(2104,18): message : see reference to function template instantiation 'void std::_Construct_in_place<_Ty,Mesh::Formats,Mesh::V3T2*,unsigned __int64,unsigned int*,unsigned __int64>(_Ty &,Mesh::Formats &&,Mesh::V3T2 *&&,unsigned __int64 &&,unsigned int *&&,unsigned __int64 &&) noexcept(false)' being compiled
          with
          [
              _Ty=Mesh
          ]
D:\AppsRandom\Microsoft\Microsoft Visual Studio\2022\Community\VC\Tools\MSVC\14.37.32822\include\memory(2779,46): message : see reference to function template instantiation 'std::_Ref_count_obj2<Mesh>::_Ref_count_obj2<_Ty,Mesh::V3T2*,unsigned __int64,unsigned int*,unsigned __int64>(_Ty &&,Mesh::V3T2 *&&,unsigned __int64 &&,unsigned int *&&,unsigned __int64 &&)' being compiled
          with
          [
              _Ty=Mesh::Formats
          ]
D:\repos\Github\MantelGameMaker\MantelGameEngine\Mesh.cpp(79,26): message : see reference to function template instantiation 'std::shared_ptr<Mesh> std::make_shared<Mesh,Mesh::Formats,_Ty*,unsigned __int64,unsigned int*,unsigned __int64>(Mesh::Formats &&,_Ty *&&,unsigned __int64 &&,unsigned int *&&,unsigned __int64 &&)' being compiled
          with
          [
              _Ty=Mesh::V3T2
          ]
D:\AppsRandom\Microsoft\Microsoft Visual Studio\2022\Community\VC\Tools\MSVC\14.37.32822\include\xutility(254,82): warning C4267: 'argument': conversion from 'size_t' to 'unsigned int', possible loss of data
D:\AppsRandom\Microsoft\Microsoft Visual Studio\2022\Community\VC\Tools\MSVC\14.37.32822\include\xutility(241,90): warning C4267: 'argument': conversion from 'size_t' to 'unsigned int', possible loss of data
D:\AppsRandom\Microsoft\Microsoft Visual Studio\2022\Community\VC\Tools\MSVC\14.37.32822\include\xutility(250,14): message : see reference to function template instantiation '_Ty *std::construct_at<_Ty,Mesh::Formats,Mesh::V3T2*,unsigned __int64,unsigned int*,unsigned __int64,0x0>(_Ty *const ,Mesh::Formats &&,Mesh::V3T2 *&&,unsigned __int64 &&,unsigned int *&&,unsigned __int64 &&) noexcept(false)' being compiled
          with
          [
              _Ty=Mesh
          ]
D:\AppsRandom\Microsoft\Microsoft Visual Studio\2022\Community\VC\Tools\MSVC\14.37.32822\include\memory(2104,18): message : see reference to function template instantiation 'void std::_Construct_in_place<_Ty,Mesh::Formats,Mesh::V3T2*,unsigned __int64,unsigned int*,unsigned __int64>(_Ty &,Mesh::Formats &&,Mesh::V3T2 *&&,unsigned __int64 &&,unsigned int *&&,unsigned __int64 &&) noexcept(false)' being compiled
          with
          [
              _Ty=Mesh
          ]
  MantelGameEngine.cpp
  Texture2D.cpp
  Transform.cpp
D:\repos\Github\MantelGameMaker\MantelGameEngine\Transform.cpp(69,34): warning C4244: '=': conversion from 'T' to 'T', possible loss of data
          with
          [
              T=double
          ]
          and
          [
              T=float
          ]
D:\repos\Github\MantelGameMaker\MantelGameEngine\Transform.cpp(69,71): warning C4244: '=': conversion from 'T' to 'T', possible loss of data
          with
          [
              T=double
          ]
          and
          [
              T=float
          ]
D:\repos\Github\MantelGameMaker\MantelGameEngine\Transform.cpp(69,108): warning C4244: '=': conversion from 'T' to 'T', possible loss of data
          with
          [
              T=double
          ]
          and
          [
              T=float
          ]
D:\repos\Github\MantelGameMaker\MantelGameEngine\Transform.cpp(70,31): warning C4244: '=': conversion from 'T' to 'T', possible loss of data
          with
          [
              T=double
          ]
          and
          [
              T=float
          ]
D:\repos\Github\MantelGameMaker\MantelGameEngine\Transform.cpp(70,65): warning C4244: '=': conversion from 'T' to 'T', possible loss of data
          with
          [
              T=double
          ]
          and
          [
              T=float
          ]
D:\repos\Github\MantelGameMaker\MantelGameEngine\Transform.cpp(70,99): warning C4244: '=': conversion from 'T' to 'T', possible loss of data
          with
          [
              T=double
          ]
          and
          [
              T=float
          ]
D:\repos\Github\MantelGameMaker\MantelGameEngine\Transform.cpp(71,36): warning C4244: '=': conversion from 'T' to 'T', possible loss of data
          with
          [
              T=double
          ]
          and
          [
              T=float
          ]
D:\repos\Github\MantelGameMaker\MantelGameEngine\Transform.cpp(71,74): warning C4244: '=': conversion from 'T' to 'T', possible loss of data
          with
          [
              T=double
          ]
          and
          [
              T=float
          ]
D:\repos\Github\MantelGameMaker\MantelGameEngine\Transform.cpp(71,112): warning C4244: '=': conversion from 'T' to 'T', possible loss of data
          with
          [
              T=double
          ]
          and
          [
              T=float
          ]
D:\repos\Github\MantelGameMaker\MantelGameEngine\Transform.cpp(78,34): warning C4244: '=': conversion from 'T' to 'T', possible loss of data
          with
          [
              T=double
          ]
          and
          [
              T=float
          ]
D:\repos\Github\MantelGameMaker\MantelGameEngine\Transform.cpp(78,71): warning C4244: '=': conversion from 'T' to 'T', possible loss of data
          with
          [
              T=double
          ]
          and
          [
              T=float
          ]
D:\repos\Github\MantelGameMaker\MantelGameEngine\Transform.cpp(78,108): warning C4244: '=': conversion from 'T' to 'T', possible loss of data
          with
          [
              T=double
          ]
          and
          [
              T=float
          ]
D:\repos\Github\MantelGameMaker\MantelGameEngine\Transform.cpp(79,31): warning C4244: '=': conversion from 'T' to 'T', possible loss of data
          with
          [
              T=double
          ]
          and
          [
              T=float
          ]
D:\repos\Github\MantelGameMaker\MantelGameEngine\Transform.cpp(79,65): warning C4244: '=': conversion from 'T' to 'T', possible loss of data
          with
          [
              T=double
          ]
          and
          [
              T=float
          ]
D:\repos\Github\MantelGameMaker\MantelGameEngine\Transform.cpp(79,99): warning C4244: '=': conversion from 'T' to 'T', possible loss of data
          with
          [
              T=double
          ]
          and
          [
              T=float
          ]
D:\repos\Github\MantelGameMaker\MantelGameEngine\Transform.cpp(80,36): warning C4244: '=': conversion from 'T' to 'T', possible loss of data
          with
          [
              T=double
          ]
          and
          [
              T=float
          ]
D:\repos\Github\MantelGameMaker\MantelGameEngine\Transform.cpp(80,74): warning C4244: '=': conversion from 'T' to 'T', possible loss of data
          with
          [
              T=double
          ]
          and
          [
              T=float
          ]
D:\repos\Github\MantelGameMaker\MantelGameEngine\Transform.cpp(80,112): warning C4244: '=': conversion from 'T' to 'T', possible loss of data
          with
          [
              T=double
          ]
          and
          [
              T=float
          ]
GLU32.lib(GLU32.dll) : warning LNK4006: __NULL_IMPORT_DESCRIPTOR already defined in OpenGL32.lib(OPENGL32.dll); second definition ignored
glew32.lib(glew32.dll) : warning LNK4006: __NULL_IMPORT_DESCRIPTOR already defined in OpenGL32.lib(OPENGL32.dll); second definition ignored
DevIL.lib(DevIL.dll) : warning LNK4006: __NULL_IMPORT_DESCRIPTOR already defined in OpenGL32.lib(OPENGL32.dll); second definition ignored
assimp-vc143-mt.lib(assimp-vc143-mt.dll) : warning LNK4006: __NULL_IMPORT_DESCRIPTOR already defined in OpenGL32.lib(OPENGL32.dll); second definition ignored
Mesh.obj : warning LNK4006: "public: enum aiReturn __cdecl aiMaterial::GetTexture(enum aiTextureType,unsigned int,struct aiString *,enum aiTextureMapping *,unsigned int *,float *,enum aiTextureOp *,enum aiTextureMapMode *)const " (?GetTexture@aiMaterial@@QEBA?AW4aiReturn@@W4aiTextureType@@IPEAUaiString@@PEAW4aiTextureMapping@@PEAIPEAMPEAW4aiTextureOp@@PEAW4aiTextureMapMode@@@Z) already defined in assimp-vc143-mt.lib(assimp-vc143-mt.dll); second definition ignored
  MantelGameEngine.vcxproj -> D:\repos\Github\MantelGameMaker\x64\Release\MantelGameEngine.lib
